[debug] [2024-09-09T17:14:44.390Z] ----------------------------------------------------------------------
[debug] [2024-09-09T17:14:44.393Z] Command:       C:\Program Files\nodejs\node.exe C:\Users\Dolov\AppData\Roaming\npm\node_modules\firebase-tools\lib\bin\firebase.js init functions
[debug] [2024-09-09T17:14:44.393Z] CLI Version:   13.16.0
[debug] [2024-09-09T17:14:44.393Z] Platform:      win32
[debug] [2024-09-09T17:14:44.393Z] Node Version:  v20.11.0
[debug] [2024-09-09T17:14:44.394Z] Time:          Mon Sep 09 2024 19:14:44 GMT+0200 (Central European Summer Time)
[debug] [2024-09-09T17:14:44.394Z] ----------------------------------------------------------------------
[debug] 
[debug] [2024-09-09T17:14:44.397Z] >>> [apiv2][query] GET https://firebase-public.firebaseio.com/cli.json [none]
[debug] [2024-09-09T17:14:44.451Z] > command requires scopes: ["email","openid","https://www.googleapis.com/auth/cloudplatformprojects.readonly","https://www.googleapis.com/auth/firebase","https://www.googleapis.com/auth/cloud-platform"]
[debug] [2024-09-09T17:14:44.924Z] <<< [apiv2][status] GET https://firebase-public.firebaseio.com/cli.json 200
[debug] [2024-09-09T17:14:44.925Z] <<< [apiv2][body] GET https://firebase-public.firebaseio.com/cli.json {"cloudBuildErrorAfter":1594252800000,"cloudBuildWarnAfter":1590019200000,"defaultNode10After":1594252800000,"minVersion":"3.0.5","node8DeploysDisabledAfter":1613390400000,"node8RuntimeDisabledAfter":1615809600000,"node8WarnAfter":1600128000000}
[info] 
     ######## #### ########  ######## ########     ###     ######  ########
     ##        ##  ##     ## ##       ##     ##  ##   ##  ##       ##
     ######    ##  ########  ######   ########  #########  ######  ######
     ##        ##  ##    ##  ##       ##     ## ##     ##       ## ##
     ##       #### ##     ## ######## ########  ##     ##  ######  ########

You're about to initialize a Firebase project in this directory:

  C:\Users\Dolov\Junk code\days-without-accident

[info] 
=== Project Setup
[info] 
[info] First, let's associate this project directory with a Firebase project.
[info] You can create multiple project aliases by running firebase use --add, 
[info] but for now we'll just set up a default project.
[info] 
[debug] [2024-09-09T17:15:14.895Z] >>> [apiv2][query] GET https://firebase.googleapis.com/v1beta1/projects pageSize=100
[debug] [2024-09-09T17:15:15.675Z] <<< [apiv2][status] GET https://firebase.googleapis.com/v1beta1/projects 200
[debug] [2024-09-09T17:15:15.675Z] <<< [apiv2][body] GET https://firebase.googleapis.com/v1beta1/projects [omitted]
